<?xml version="1.0" encoding="UTF-8"?>
<!-- Generated by org.testng.reporters.JUnitReportReporter -->
<testsuite skipped="0" hostname="ShloksDell" name="ExpediaGroup.ExpediaMainPageTest" tests="8" failures="0" timestamp="30 Jan 2019 05:16:10 GMT" time="24.280" errors="0">
  <testcase name="CheckTitle" time="0.084" classname="ExpediaGroup.ExpediaMainPageTest"/>
  <testcase name="ClickHotels" time="1.223" classname="ExpediaGroup.ExpediaMainPageTest"/>
  <testcase name="ClickCars" time="0.844" classname="ExpediaGroup.ExpediaMainPageTest"/>
  <testcase name="ClickFlights" time="1.527" classname="ExpediaGroup.ExpediaMainPageTest"/>
  <testcase name="ValidateDateFields" time="12.545" classname="ExpediaGroup.ExpediaMainPageTest"/>
  <testcase name="ValidateDateAndLocationFields" time="2.072" classname="ExpediaGroup.ExpediaMainPageTest"/>
  <testcase name="CheckCountTravelersField" time="3.967" classname="ExpediaGroup.ExpediaMainPageTest"/>
  <testcase name="ValidateTravelersField" time="2.018" classname="ExpediaGroup.ExpediaMainPageTest"/>
</testsuite> <!-- ExpediaGroup.ExpediaMainPageTest -->
