<?xml version="1.0" encoding="UTF-8"?>
<!-- Generated by org.testng.reporters.JUnitReportReporter -->
<testsuite skipped="0" hostname="ShloksDell" name="ExpediaGroup.ExpediaViewFlightsPageTest" tests="1" failures="0" timestamp="30 Jan 2019 07:06:58 GMT" time="84.194" errors="0">
  <testcase name="CheckValidDataWithTab" time="84.194" classname="ExpediaGroup.ExpediaViewFlightsPageTest"/>
</testsuite> <!-- ExpediaGroup.ExpediaViewFlightsPageTest -->
